0 info it worked if it ends with ok
1 verbose cli [ '/usr/bin/nodejs', '/usr/bin/npm', 'install', '-g', 'posh-git' ]
2 info using npm@3.5.2
3 info using node@v4.2.6
4 silly loadCurrentTree Starting
5 silly install loadCurrentTree
6 silly install readGlobalPackageData
7 silly fetchPackageMetaData posh-git
8 silly fetchNamedPackageData posh-git
9 silly mapToRegistry name posh-git
10 silly mapToRegistry using default registry
11 silly mapToRegistry registry https://registry.npmjs.org/
12 silly mapToRegistry uri https://registry.npmjs.org/posh-git
13 verbose request uri https://registry.npmjs.org/posh-git
14 verbose request no auth needed
15 info attempt registry request try #1 at 8:03:19 PM
16 verbose request id 85e8821a6bb43aa2
17 verbose etag W/"55998e7a-299b"
18 verbose lastModified Sun, 05 Jul 2015 20:07:22 GMT
19 http request GET https://registry.npmjs.org/posh-git
20 http 304 https://registry.npmjs.org/posh-git
21 verbose headers { date: 'Mon, 05 Dec 2016 19:03:53 GMT',
21 verbose headers   via: '1.1 varnish',
21 verbose headers   'cache-control': 'max-age=300',
21 verbose headers   etag: 'W/"55998e7a-299b"',
21 verbose headers   age: '27',
21 verbose headers   connection: 'keep-alive',
21 verbose headers   'x-served-by': 'cache-fra1233-FRA',
21 verbose headers   'x-cache': 'HIT',
21 verbose headers   'x-cache-hits': '1',
21 verbose headers   'x-timer': 'S1480964633.730155,VS0,VE0',
21 verbose headers   vary: 'Accept-Encoding' }
22 silly get cb [ 304,
22 silly get   { date: 'Mon, 05 Dec 2016 19:03:53 GMT',
22 silly get     via: '1.1 varnish',
22 silly get     'cache-control': 'max-age=300',
22 silly get     etag: 'W/"55998e7a-299b"',
22 silly get     age: '27',
22 silly get     connection: 'keep-alive',
22 silly get     'x-served-by': 'cache-fra1233-FRA',
22 silly get     'x-cache': 'HIT',
22 silly get     'x-cache-hits': '1',
22 silly get     'x-timer': 'S1480964633.730155,VS0,VE0',
22 silly get     vary: 'Accept-Encoding' } ]
23 verbose etag https://registry.npmjs.org/posh-git from cache
24 verbose get saving posh-git to /home/lukas/.npm/registry.npmjs.org/posh-git/.cache.json
25 silly install normalizeTree
26 silly loadCurrentTree Finishing
27 silly loadIdealTree Starting
28 silly install loadIdealTree
29 silly cloneCurrentTree Starting
30 silly install cloneCurrentTreeToIdealTree
31 silly cloneCurrentTree Finishing
32 silly loadShrinkwrap Starting
33 silly install loadShrinkwrap
34 silly loadShrinkwrap Finishing
35 silly loadAllDepsIntoIdealTree Starting
36 silly install loadAllDepsIntoIdealTree
37 silly resolveWithNewModule posh-git@0.0.9 checking installable status
38 silly cache add args [ 'posh-git', null ]
39 verbose cache add spec posh-git
40 silly cache add parsed spec Result {
40 silly cache add   raw: 'posh-git',
40 silly cache add   scope: null,
40 silly cache add   name: 'posh-git',
40 silly cache add   rawSpec: '',
40 silly cache add   spec: 'latest',
40 silly cache add   type: 'tag' }
41 silly addNamed posh-git@latest
42 verbose addNamed "latest" is being treated as a dist-tag for posh-git
43 info addNameTag [ 'posh-git', 'latest' ]
44 silly mapToRegistry name posh-git
45 silly mapToRegistry using default registry
46 silly mapToRegistry registry https://registry.npmjs.org/
47 silly mapToRegistry uri https://registry.npmjs.org/posh-git
48 verbose addNameTag registry:https://registry.npmjs.org/posh-git not in flight; fetching
49 verbose get https://registry.npmjs.org/posh-git not expired, no request
50 silly addNameTag next cb for posh-git with tag latest
51 silly addNamed posh-git@0.0.9
52 verbose addNamed "0.0.9" is a plain semver version for posh-git
53 silly cache afterAdd posh-git@0.0.9
54 verbose afterAdd /home/lukas/.npm/posh-git/0.0.9/package/package.json not in flight; writing
55 verbose afterAdd /home/lukas/.npm/posh-git/0.0.9/package/package.json written
56 silly fetchNamedPackageData colors
57 silly mapToRegistry name colors
58 silly mapToRegistry using default registry
59 silly mapToRegistry registry https://registry.npmjs.org/
60 silly mapToRegistry uri https://registry.npmjs.org/colors
61 silly fetchNamedPackageData commander
62 silly mapToRegistry name commander
63 silly mapToRegistry using default registry
64 silly mapToRegistry registry https://registry.npmjs.org/
65 silly mapToRegistry uri https://registry.npmjs.org/commander
66 verbose request uri https://registry.npmjs.org/colors
67 verbose request no auth needed
68 info attempt registry request try #1 at 8:03:20 PM
69 verbose etag W/"58440e81-56d7"
70 verbose lastModified Sun, 04 Dec 2016 12:39:29 GMT
71 http request GET https://registry.npmjs.org/colors
72 verbose request uri https://registry.npmjs.org/commander
73 verbose request no auth needed
74 info attempt registry request try #1 at 8:03:20 PM
75 verbose etag W/"58456a32-fc54"
76 verbose lastModified Mon, 05 Dec 2016 13:22:58 GMT
77 http request GET https://registry.npmjs.org/commander
78 http 304 https://registry.npmjs.org/colors
79 verbose headers { date: 'Mon, 05 Dec 2016 19:03:54 GMT',
79 verbose headers   via: '1.1 varnish',
79 verbose headers   'cache-control': 'max-age=300',
79 verbose headers   etag: 'W/"58440e81-56d7"',
79 verbose headers   age: '166',
79 verbose headers   connection: 'keep-alive',
79 verbose headers   'x-served-by': 'cache-fra1236-FRA',
79 verbose headers   'x-cache': 'HIT',
79 verbose headers   'x-cache-hits': '9',
79 verbose headers   'x-timer': 'S1480964634.118172,VS0,VE0',
79 verbose headers   vary: 'Accept-Encoding' }
80 silly get cb [ 304,
80 silly get   { date: 'Mon, 05 Dec 2016 19:03:54 GMT',
80 silly get     via: '1.1 varnish',
80 silly get     'cache-control': 'max-age=300',
80 silly get     etag: 'W/"58440e81-56d7"',
80 silly get     age: '166',
80 silly get     connection: 'keep-alive',
80 silly get     'x-served-by': 'cache-fra1236-FRA',
80 silly get     'x-cache': 'HIT',
80 silly get     'x-cache-hits': '9',
80 silly get     'x-timer': 'S1480964634.118172,VS0,VE0',
80 silly get     vary: 'Accept-Encoding' } ]
81 verbose etag https://registry.npmjs.org/colors from cache
82 verbose get saving colors to /home/lukas/.npm/registry.npmjs.org/colors/.cache.json
83 silly resolveWithNewModule colors@1.1.2 checking installable status
84 silly cache add args [ 'colors@^1.1.2', null ]
85 verbose cache add spec colors@^1.1.2
86 silly cache add parsed spec Result {
86 silly cache add   raw: 'colors@^1.1.2',
86 silly cache add   scope: null,
86 silly cache add   name: 'colors',
86 silly cache add   rawSpec: '^1.1.2',
86 silly cache add   spec: '>=1.1.2 <2.0.0',
86 silly cache add   type: 'range' }
87 silly addNamed colors@>=1.1.2 <2.0.0
88 verbose addNamed ">=1.1.2 <2.0.0" is a valid semver range for colors
89 silly addNameRange { name: 'colors', range: '>=1.1.2 <2.0.0', hasData: false }
90 silly mapToRegistry name colors
91 silly mapToRegistry using default registry
92 silly mapToRegistry registry https://registry.npmjs.org/
93 silly mapToRegistry uri https://registry.npmjs.org/colors
94 verbose addNameRange registry:https://registry.npmjs.org/colors not in flight; fetching
95 http 304 https://registry.npmjs.org/commander
96 verbose headers { date: 'Mon, 05 Dec 2016 19:03:54 GMT',
96 verbose headers   via: '1.1 varnish',
96 verbose headers   'cache-control': 'max-age=300',
96 verbose headers   etag: 'W/"58456a32-fc54"',
96 verbose headers   age: '16',
96 verbose headers   connection: 'keep-alive',
96 verbose headers   'x-served-by': 'cache-fra1245-FRA',
96 verbose headers   'x-cache': 'HIT',
96 verbose headers   'x-cache-hits': '2',
96 verbose headers   'x-timer': 'S1480964634.124407,VS0,VE0',
96 verbose headers   vary: 'Accept-Encoding' }
97 silly get cb [ 304,
97 silly get   { date: 'Mon, 05 Dec 2016 19:03:54 GMT',
97 silly get     via: '1.1 varnish',
97 silly get     'cache-control': 'max-age=300',
97 silly get     etag: 'W/"58456a32-fc54"',
97 silly get     age: '16',
97 silly get     connection: 'keep-alive',
97 silly get     'x-served-by': 'cache-fra1245-FRA',
97 silly get     'x-cache': 'HIT',
97 silly get     'x-cache-hits': '2',
97 silly get     'x-timer': 'S1480964634.124407,VS0,VE0',
97 silly get     vary: 'Accept-Encoding' } ]
98 verbose etag https://registry.npmjs.org/commander from cache
99 verbose get saving commander to /home/lukas/.npm/registry.npmjs.org/commander/.cache.json
100 verbose get https://registry.npmjs.org/colors not expired, no request
101 silly addNameRange number 2 { name: 'colors', range: '>=1.1.2 <2.0.0', hasData: true }
102 silly addNameRange versions [ 'colors',
102 silly addNameRange   [ '0.3.0',
102 silly addNameRange     '0.5.0',
102 silly addNameRange     '0.5.1',
102 silly addNameRange     '0.6.0',
102 silly addNameRange     '0.6.0-1',
102 silly addNameRange     '0.6.1',
102 silly addNameRange     '0.6.2',
102 silly addNameRange     '1.0.0',
102 silly addNameRange     '1.0.1',
102 silly addNameRange     '1.0.2',
102 silly addNameRange     '1.0.3',
102 silly addNameRange     '1.1.0',
102 silly addNameRange     '1.1.1',
102 silly addNameRange     '1.1.2' ] ]
103 silly addNamed colors@1.1.2
104 verbose addNamed "1.1.2" is a plain semver version for colors
105 silly resolveWithNewModule commander@2.9.0 checking installable status
106 silly cache add args [ 'commander@^2.8.1', null ]
107 verbose cache add spec commander@^2.8.1
108 silly cache add parsed spec Result {
108 silly cache add   raw: 'commander@^2.8.1',
108 silly cache add   scope: null,
108 silly cache add   name: 'commander',
108 silly cache add   rawSpec: '^2.8.1',
108 silly cache add   spec: '>=2.8.1 <3.0.0',
108 silly cache add   type: 'range' }
109 silly addNamed commander@>=2.8.1 <3.0.0
110 verbose addNamed ">=2.8.1 <3.0.0" is a valid semver range for commander
111 silly addNameRange { name: 'commander', range: '>=2.8.1 <3.0.0', hasData: false }
112 silly mapToRegistry name commander
113 silly mapToRegistry using default registry
114 silly mapToRegistry registry https://registry.npmjs.org/
115 silly mapToRegistry uri https://registry.npmjs.org/commander
116 verbose addNameRange registry:https://registry.npmjs.org/commander not in flight; fetching
117 silly cache afterAdd colors@1.1.2
118 verbose afterAdd /home/lukas/.npm/colors/1.1.2/package/package.json not in flight; writing
119 verbose get https://registry.npmjs.org/commander not expired, no request
120 silly addNameRange number 2 { name: 'commander', range: '>=2.8.1 <3.0.0', hasData: true }
121 silly addNameRange versions [ 'commander',
121 silly addNameRange   [ '0.0.1',
121 silly addNameRange     '0.0.3',
121 silly addNameRange     '0.0.4',
121 silly addNameRange     '0.0.5',
121 silly addNameRange     '0.1.0',
121 silly addNameRange     '0.2.0',
121 silly addNameRange     '0.2.1',
121 silly addNameRange     '0.3.0',
121 silly addNameRange     '0.3.1',
121 silly addNameRange     '0.3.2',
121 silly addNameRange     '0.3.3',
121 silly addNameRange     '0.4.0',
121 silly addNameRange     '0.4.1',
121 silly addNameRange     '0.4.2',
121 silly addNameRange     '0.4.3',
121 silly addNameRange     '0.5.0',
121 silly addNameRange     '0.5.1',
121 silly addNameRange     '0.6.0',
121 silly addNameRange     '0.6.1',
121 silly addNameRange     '0.5.2',
121 silly addNameRange     '1.0.0',
121 silly addNameRange     '1.0.1',
121 silly addNameRange     '1.0.2',
121 silly addNameRange     '1.0.3',
121 silly addNameRange     '1.0.4',
121 silly addNameRange     '1.0.5',
121 silly addNameRange     '1.1.0',
121 silly addNameRange     '1.1.1',
121 silly addNameRange     '1.2.0',
121 silly addNameRange     '1.3.0',
121 silly addNameRange     '1.3.1',
121 silly addNameRange     '1.3.2',
121 silly addNameRange     '2.0.0',
121 silly addNameRange     '2.1.0',
121 silly addNameRange     '2.2.0',
121 silly addNameRange     '2.3.0',
121 silly addNameRange     '2.4.0',
121 silly addNameRange     '2.5.0',
121 silly addNameRange     '2.5.1',
121 silly addNameRange     '2.6.0',
121 silly addNameRange     '2.7.0',
121 silly addNameRange     '2.7.1',
121 silly addNameRange     '2.8.0',
121 silly addNameRange     '2.8.1',
121 silly addNameRange     '2.9.0' ] ]
122 silly addNamed commander@2.9.0
123 verbose addNamed "2.9.0" is a plain semver version for commander
124 verbose afterAdd /home/lukas/.npm/colors/1.1.2/package/package.json written
125 silly cache afterAdd commander@2.9.0
126 verbose afterAdd /home/lukas/.npm/commander/2.9.0/package/package.json not in flight; writing
127 verbose afterAdd /home/lukas/.npm/commander/2.9.0/package/package.json written
128 silly fetchNamedPackageData graceful-readlink
129 silly mapToRegistry name graceful-readlink
130 silly mapToRegistry using default registry
131 silly mapToRegistry registry https://registry.npmjs.org/
132 silly mapToRegistry uri https://registry.npmjs.org/graceful-readlink
133 verbose request uri https://registry.npmjs.org/graceful-readlink
134 verbose request no auth needed
135 info attempt registry request try #1 at 8:03:20 PM
136 verbose etag W/"5818d05e-c0c"
137 verbose lastModified Tue, 01 Nov 2016 17:26:54 GMT
138 http request GET https://registry.npmjs.org/graceful-readlink
139 http 304 https://registry.npmjs.org/graceful-readlink
140 verbose headers { date: 'Mon, 05 Dec 2016 19:03:54 GMT',
140 verbose headers   via: '1.1 varnish',
140 verbose headers   'cache-control': 'max-age=300',
140 verbose headers   etag: 'W/"5818d05e-c0c"',
140 verbose headers   age: '130',
140 verbose headers   connection: 'keep-alive',
140 verbose headers   'x-served-by': 'cache-fra1246-FRA',
140 verbose headers   'x-cache': 'HIT',
140 verbose headers   'x-cache-hits': '4',
140 verbose headers   'x-timer': 'S1480964634.400143,VS0,VE0',
140 verbose headers   vary: 'Accept-Encoding' }
141 silly get cb [ 304,
141 silly get   { date: 'Mon, 05 Dec 2016 19:03:54 GMT',
141 silly get     via: '1.1 varnish',
141 silly get     'cache-control': 'max-age=300',
141 silly get     etag: 'W/"5818d05e-c0c"',
141 silly get     age: '130',
141 silly get     connection: 'keep-alive',
141 silly get     'x-served-by': 'cache-fra1246-FRA',
141 silly get     'x-cache': 'HIT',
141 silly get     'x-cache-hits': '4',
141 silly get     'x-timer': 'S1480964634.400143,VS0,VE0',
141 silly get     vary: 'Accept-Encoding' } ]
142 verbose etag https://registry.npmjs.org/graceful-readlink from cache
143 verbose get saving graceful-readlink to /home/lukas/.npm/registry.npmjs.org/graceful-readlink/.cache.json
144 silly resolveWithNewModule graceful-readlink@1.0.1 checking installable status
145 silly cache add args [ 'graceful-readlink@>= 1.0.0', null ]
146 verbose cache add spec graceful-readlink@>= 1.0.0
147 silly cache add parsed spec Result {
147 silly cache add   raw: 'graceful-readlink@>= 1.0.0',
147 silly cache add   scope: null,
147 silly cache add   name: 'graceful-readlink',
147 silly cache add   rawSpec: '>= 1.0.0',
147 silly cache add   spec: '>=1.0.0',
147 silly cache add   type: 'range' }
148 silly addNamed graceful-readlink@>=1.0.0
149 verbose addNamed ">=1.0.0" is a valid semver range for graceful-readlink
150 silly addNameRange { name: 'graceful-readlink', range: '>=1.0.0', hasData: false }
151 silly mapToRegistry name graceful-readlink
152 silly mapToRegistry using default registry
153 silly mapToRegistry registry https://registry.npmjs.org/
154 silly mapToRegistry uri https://registry.npmjs.org/graceful-readlink
155 verbose addNameRange registry:https://registry.npmjs.org/graceful-readlink not in flight; fetching
156 verbose get https://registry.npmjs.org/graceful-readlink not expired, no request
157 silly addNameRange number 2 { name: 'graceful-readlink', range: '>=1.0.0', hasData: true }
158 silly addNameRange versions [ 'graceful-readlink', [ '1.0.0', '1.0.1' ] ]
159 silly addNamed graceful-readlink@1.0.1
160 verbose addNamed "1.0.1" is a plain semver version for graceful-readlink
161 silly cache afterAdd graceful-readlink@1.0.1
162 verbose afterAdd /home/lukas/.npm/graceful-readlink/1.0.1/package/package.json not in flight; writing
163 verbose afterAdd /home/lukas/.npm/graceful-readlink/1.0.1/package/package.json written
164 silly loadAllDepsIntoIdealTree Finishing
165 silly idealTree:prePrune lib
165 silly idealTree:prePrune └─┬ posh-git@0.0.9
165 silly idealTree:prePrune   ├── colors@1.1.2
165 silly idealTree:prePrune   ├── commander@2.9.0
165 silly idealTree:prePrune   └── graceful-readlink@1.0.1
166 silly loadIdealTree Finishing
167 silly currentTree lib
168 silly idealTree lib
168 silly idealTree └─┬ posh-git@0.0.9
168 silly idealTree   ├── colors@1.1.2
168 silly idealTree   ├── commander@2.9.0
168 silly idealTree   └── graceful-readlink@1.0.1
169 silly generateActionsToTake Starting
170 silly install generateActionsToTake
171 silly generateActionsToTake Finishing
172 silly diffTrees action count 4
173 silly diffTrees add colors@1.1.2
174 silly diffTrees add graceful-readlink@1.0.1
175 silly diffTrees add commander@2.9.0
176 silly diffTrees add posh-git@0.0.9
177 silly decomposeActions action count 32
178 silly decomposeActions fetch colors@1.1.2
179 silly decomposeActions extract colors@1.1.2
180 silly decomposeActions test colors@1.1.2
181 silly decomposeActions preinstall colors@1.1.2
182 silly decomposeActions build colors@1.1.2
183 silly decomposeActions install colors@1.1.2
184 silly decomposeActions postinstall colors@1.1.2
185 silly decomposeActions finalize colors@1.1.2
186 silly decomposeActions fetch graceful-readlink@1.0.1
187 silly decomposeActions extract graceful-readlink@1.0.1
188 silly decomposeActions test graceful-readlink@1.0.1
189 silly decomposeActions preinstall graceful-readlink@1.0.1
190 silly decomposeActions build graceful-readlink@1.0.1
191 silly decomposeActions install graceful-readlink@1.0.1
192 silly decomposeActions postinstall graceful-readlink@1.0.1
193 silly decomposeActions finalize graceful-readlink@1.0.1
194 silly decomposeActions fetch commander@2.9.0
195 silly decomposeActions extract commander@2.9.0
196 silly decomposeActions test commander@2.9.0
197 silly decomposeActions preinstall commander@2.9.0
198 silly decomposeActions build commander@2.9.0
199 silly decomposeActions install commander@2.9.0
200 silly decomposeActions postinstall commander@2.9.0
201 silly decomposeActions finalize commander@2.9.0
202 silly decomposeActions fetch posh-git@0.0.9
203 silly decomposeActions extract posh-git@0.0.9
204 silly decomposeActions test posh-git@0.0.9
205 silly decomposeActions preinstall posh-git@0.0.9
206 silly decomposeActions build posh-git@0.0.9
207 silly decomposeActions install posh-git@0.0.9
208 silly decomposeActions postinstall posh-git@0.0.9
209 silly decomposeActions finalize posh-git@0.0.9
210 silly executeActions Starting
211 silly install executeActions
212 silly doSerial global-install 0
213 silly doParallel fetch 4
214 verbose makeDirectory /home/lukas/.npm/_locks creation not in flight; initializing
215 silly makeDirectory /home/lukas/.npm/_locks uid: 1000 gid: 1000
216 verbose lock using /home/lukas/.npm/_locks/staging-3a08f0df5026584d.lock for /usr/local/lib/node_modules/.staging
217 silly doParallel extract 4
218 silly extract colors@1.1.2
219 silly extract graceful-readlink@1.0.1
220 silly extract commander@2.9.0
221 silly extract posh-git@0.0.9
222 verbose unbuild lib/node_modules/.staging/colors-48c1d00f
223 verbose unbuild lib/node_modules/.staging/graceful-readlink-4c3542cb
224 verbose unbuild lib/node_modules/.staging/commander-2eef9939
225 verbose unbuild lib/node_modules/.staging/posh-git-d425f663
226 silly gentlyRm /usr/local/lib/node_modules/.staging/colors-48c1d00f is being purged from base /usr/local
227 verbose gentlyRm don't care about contents; nuking /usr/local/lib/node_modules/.staging/colors-48c1d00f
228 silly gentlyRm /usr/local/lib/node_modules/.staging/graceful-readlink-4c3542cb is being purged from base /usr/local
229 verbose gentlyRm don't care about contents; nuking /usr/local/lib/node_modules/.staging/graceful-readlink-4c3542cb
230 silly gentlyRm /usr/local/lib/node_modules/.staging/commander-2eef9939 is being purged from base /usr/local
231 verbose gentlyRm don't care about contents; nuking /usr/local/lib/node_modules/.staging/commander-2eef9939
232 verbose tar unpack /home/lukas/.npm/colors/1.1.2/package.tgz
233 verbose tar unpacking to /usr/local/lib/node_modules/.staging/colors-48c1d00f
234 silly gentlyRm /usr/local/lib/node_modules/.staging/colors-48c1d00f is being purged
235 verbose gentlyRm don't care about contents; nuking /usr/local/lib/node_modules/.staging/colors-48c1d00f
236 verbose tar unpack /home/lukas/.npm/graceful-readlink/1.0.1/package.tgz
237 verbose tar unpacking to /usr/local/lib/node_modules/.staging/graceful-readlink-4c3542cb
238 silly gentlyRm /usr/local/lib/node_modules/.staging/graceful-readlink-4c3542cb is being purged
239 verbose gentlyRm don't care about contents; nuking /usr/local/lib/node_modules/.staging/graceful-readlink-4c3542cb
240 verbose tar unpack /home/lukas/.npm/commander/2.9.0/package.tgz
241 verbose tar unpacking to /usr/local/lib/node_modules/.staging/commander-2eef9939
242 silly gentlyRm /usr/local/lib/node_modules/.staging/commander-2eef9939 is being purged
243 verbose gentlyRm don't care about contents; nuking /usr/local/lib/node_modules/.staging/commander-2eef9939
244 silly gentlyRm /usr/local/lib/node_modules/.staging/posh-git-d425f663 is being purged from base /usr/local
245 verbose gentlyRm don't care about contents; nuking /usr/local/lib/node_modules/.staging/posh-git-d425f663
246 silly gunzTarPerm modes [ '755', '644' ]
247 silly gunzTarPerm modes [ '755', '644' ]
248 silly gunzTarPerm modes [ '755', '644' ]
249 verbose tar unpack /home/lukas/.npm/posh-git/0.0.9/package.tgz
250 verbose tar unpacking to /usr/local/lib/node_modules/.staging/posh-git-d425f663
251 silly gentlyRm /usr/local/lib/node_modules/.staging/posh-git-d425f663 is being purged
252 verbose gentlyRm don't care about contents; nuking /usr/local/lib/node_modules/.staging/posh-git-d425f663
253 silly gunzTarPerm modes [ '755', '644' ]
254 silly gunzTarPerm extractEntry package.json
255 silly gunzTarPerm extractEntry package.json
256 silly gunzTarPerm modified mode [ 'package.json', 436, 420 ]
257 silly gunzTarPerm extractEntry package.json
258 silly gunzTarPerm extractEntry package.json
259 silly gunzTarPerm extractEntry LICENSE
260 silly gunzTarPerm extractEntry safe.js
261 silly gunzTarPerm extractEntry .npmignore
262 silly gunzTarPerm modified mode [ '.npmignore', 436, 420 ]
263 silly gunzTarPerm extractEntry README.md
264 silly gunzTarPerm modified mode [ 'README.md', 436, 420 ]
265 silly gunzTarPerm extractEntry LICENSE
266 silly gunzTarPerm extractEntry index.js
267 silly gunzTarPerm extractEntry README.md
268 silly gunzTarPerm extractEntry index.js
269 silly gunzTarPerm extractEntry LICENSE
270 silly gunzTarPerm modified mode [ 'LICENSE', 436, 420 ]
271 silly gunzTarPerm extractEntry index.js
272 silly gunzTarPerm modified mode [ 'index.js', 436, 420 ]
273 silly gunzTarPerm extractEntry ReadMe.md
274 silly gunzTarPerm extractEntry examples/normal-usage.js
275 silly gunzTarPerm extractEntry Readme.md
276 silly gunzTarPerm extractEntry .travis.yml
277 silly gunzTarPerm modified mode [ '.travis.yml', 436, 420 ]
278 silly gunzTarPerm extractEntry examples/safe-string.js
279 silly gunzTarPerm extractEntry lib/colors.js
280 silly gunzTarPerm extractEntry History.md
281 silly gunzTarPerm extractEntry lib/extendStringPrototype.js
282 silly gunzTarPerm extractEntry lib/index.js
283 silly gunzTarPerm extractEntry lib/styles.js
284 silly gentlyRm /usr/local/lib/node_modules/.staging/posh-git-d425f663/node_modules is being purged
285 verbose gentlyRm don't care about contents; nuking /usr/local/lib/node_modules/.staging/posh-git-d425f663/node_modules
286 silly gunzTarPerm extractEntry lib/custom/trap.js
287 silly gunzTarPerm extractEntry lib/custom/zalgo.js
288 silly gunzTarPerm extractEntry lib/maps/america.js
289 silly gunzTarPerm extractEntry lib/maps/rainbow.js
290 silly gentlyRm /usr/local/lib/node_modules/.staging/commander-2eef9939/node_modules is being purged
291 verbose gentlyRm don't care about contents; nuking /usr/local/lib/node_modules/.staging/commander-2eef9939/node_modules
292 silly gentlyRm /usr/local/lib/node_modules/.staging/graceful-readlink-4c3542cb/node_modules is being purged
293 verbose gentlyRm don't care about contents; nuking /usr/local/lib/node_modules/.staging/graceful-readlink-4c3542cb/node_modules
294 silly gunzTarPerm extractEntry lib/maps/random.js
295 silly gunzTarPerm extractEntry lib/maps/zebra.js
296 silly gunzTarPerm extractEntry lib/system/supports-colors.js
297 silly gunzTarPerm extractEntry themes/generic-logging.js
298 silly gentlyRm /usr/local/lib/node_modules/.staging/colors-48c1d00f/node_modules is being purged
299 verbose gentlyRm don't care about contents; nuking /usr/local/lib/node_modules/.staging/colors-48c1d00f/node_modules
300 silly doParallel preinstall 4
301 silly preinstall colors@1.1.2 /usr/local/lib/node_modules/.staging/colors-48c1d00f
302 info lifecycle colors@1.1.2~preinstall: colors@1.1.2
303 silly preinstall graceful-readlink@1.0.1 /usr/local/lib/node_modules/.staging/graceful-readlink-4c3542cb
304 info lifecycle graceful-readlink@1.0.1~preinstall: graceful-readlink@1.0.1
305 silly preinstall commander@2.9.0 /usr/local/lib/node_modules/.staging/commander-2eef9939
306 info lifecycle commander@2.9.0~preinstall: commander@2.9.0
307 silly preinstall posh-git@0.0.9 /usr/local/lib/node_modules/.staging/posh-git-d425f663
308 info lifecycle posh-git@0.0.9~preinstall: posh-git@0.0.9
309 silly lifecycle colors@1.1.2~preinstall: no script for preinstall, continuing
310 silly lifecycle graceful-readlink@1.0.1~preinstall: no script for preinstall, continuing
311 silly lifecycle commander@2.9.0~preinstall: no script for preinstall, continuing
312 silly lifecycle posh-git@0.0.9~preinstall: no script for preinstall, continuing
313 silly doReverseSerial remove 0
314 silly doSerial move 0
315 silly doSerial finalize 4
316 silly finalize /usr/local/lib/node_modules/posh-git/node_modules/colors
317 silly finalize /usr/local/lib/node_modules/posh-git/node_modules/graceful-readlink
318 silly finalize /usr/local/lib/node_modules/posh-git/node_modules/commander
319 silly finalize /usr/local/lib/node_modules/posh-git
320 silly doSerial build 4
321 silly build colors@1.1.2
322 info linkStuff colors@1.1.2
323 silly linkStuff colors@1.1.2 has /usr/local/lib/node_modules/posh-git/node_modules as its parent node_modules
324 silly linkStuff colors@1.1.2 is part of a global install
325 silly linkStuff colors@1.1.2 is installed into a global node_modules
326 verbose linkBins colors@1.1.2
327 verbose linkMans colors@1.1.2
328 silly build graceful-readlink@1.0.1
329 info linkStuff graceful-readlink@1.0.1
330 silly linkStuff graceful-readlink@1.0.1 has /usr/local/lib/node_modules/posh-git/node_modules as its parent node_modules
331 silly linkStuff graceful-readlink@1.0.1 is part of a global install
332 silly linkStuff graceful-readlink@1.0.1 is installed into a global node_modules
333 verbose linkBins graceful-readlink@1.0.1
334 verbose linkMans graceful-readlink@1.0.1
335 silly build commander@2.9.0
336 info linkStuff commander@2.9.0
337 silly linkStuff commander@2.9.0 has /usr/local/lib/node_modules/posh-git/node_modules as its parent node_modules
338 silly linkStuff commander@2.9.0 is part of a global install
339 silly linkStuff commander@2.9.0 is installed into a global node_modules
340 verbose linkBins commander@2.9.0
341 verbose linkMans commander@2.9.0
342 silly build posh-git@0.0.9
343 info linkStuff posh-git@0.0.9
344 silly linkStuff posh-git@0.0.9 has /usr/local/lib/node_modules as its parent node_modules
345 silly linkStuff posh-git@0.0.9 is part of a global install
346 silly linkStuff posh-git@0.0.9 is installed into a global node_modules
347 silly linkStuff posh-git@0.0.9 is installed into the top-level global node_modules
348 verbose linkBins posh-git@0.0.9
349 verbose link bins [ { 'posh-git-install': 'index.js' }, '/usr/local/bin', true ]
350 verbose linkMans posh-git@0.0.9
351 silly gentlyRm /usr/local/bin/posh-git-install is being gently removed
352 silly doSerial global-link 0
353 silly doParallel update-linked 0
354 silly doSerial install 4
355 silly install colors@1.1.2 /usr/local/lib/node_modules/.staging/colors-48c1d00f
356 info lifecycle colors@1.1.2~install: colors@1.1.2
357 silly lifecycle colors@1.1.2~install: no script for install, continuing
358 silly install graceful-readlink@1.0.1 /usr/local/lib/node_modules/.staging/graceful-readlink-4c3542cb
359 info lifecycle graceful-readlink@1.0.1~install: graceful-readlink@1.0.1
360 silly lifecycle graceful-readlink@1.0.1~install: no script for install, continuing
361 silly install commander@2.9.0 /usr/local/lib/node_modules/.staging/commander-2eef9939
362 info lifecycle commander@2.9.0~install: commander@2.9.0
363 silly lifecycle commander@2.9.0~install: no script for install, continuing
364 silly install posh-git@0.0.9 /usr/local/lib/node_modules/.staging/posh-git-d425f663
365 info lifecycle posh-git@0.0.9~install: posh-git@0.0.9
366 silly lifecycle posh-git@0.0.9~install: no script for install, continuing
367 silly doSerial postinstall 4
368 silly postinstall colors@1.1.2 /usr/local/lib/node_modules/.staging/colors-48c1d00f
369 info lifecycle colors@1.1.2~postinstall: colors@1.1.2
370 silly lifecycle colors@1.1.2~postinstall: no script for postinstall, continuing
371 silly postinstall graceful-readlink@1.0.1 /usr/local/lib/node_modules/.staging/graceful-readlink-4c3542cb
372 info lifecycle graceful-readlink@1.0.1~postinstall: graceful-readlink@1.0.1
373 silly lifecycle graceful-readlink@1.0.1~postinstall: no script for postinstall, continuing
374 silly postinstall commander@2.9.0 /usr/local/lib/node_modules/.staging/commander-2eef9939
375 info lifecycle commander@2.9.0~postinstall: commander@2.9.0
376 silly lifecycle commander@2.9.0~postinstall: no script for postinstall, continuing
377 silly postinstall posh-git@0.0.9 /usr/local/lib/node_modules/.staging/posh-git-d425f663
378 info lifecycle posh-git@0.0.9~postinstall: posh-git@0.0.9
379 verbose lifecycle posh-git@0.0.9~postinstall: unsafe-perm in lifecycle false
380 verbose lifecycle posh-git@0.0.9~postinstall: PATH: /usr/share/npm/bin/node-gyp-bin:/usr/local/lib/node_modules/posh-git/node_modules/.bin:/usr/local/lib/node_modules/.bin:/usr/local/sbin:/usr/local/bin:/usr/sbin:/usr/bin:/sbin:/bin:/snap/bin
381 verbose lifecycle posh-git@0.0.9~postinstall: CWD: /usr/local/lib/node_modules/posh-git
382 silly lifecycle posh-git@0.0.9~postinstall: Args: [ '-c', 'node index -n' ]
383 info lifecycle posh-git@0.0.9~postinstall: Failed to exec postinstall script
384 verbose unlock done using /home/lukas/.npm/_locks/staging-3a08f0df5026584d.lock for /usr/local/lib/node_modules/.staging
385 silly rollbackFailedOptional Starting
386 silly rollbackFailedOptional Finishing
387 silly runTopLevelLifecycles Starting
388 silly runTopLevelLifecycles Finishing
389 silly install printInstalled
390 verbose stack Error: posh-git@0.0.9 postinstall: `node index -n`
390 verbose stack spawn ENOENT
390 verbose stack     at ChildProcess.<anonymous> (/usr/share/npm/lib/utils/spawn.js:17:16)
390 verbose stack     at emitTwo (events.js:87:13)
390 verbose stack     at ChildProcess.emit (events.js:172:7)
390 verbose stack     at maybeClose (internal/child_process.js:821:16)
390 verbose stack     at Process.ChildProcess._handle.onexit (internal/child_process.js:211:5)
391 verbose pkgid posh-git@0.0.9
392 verbose cwd /home/lukas/DP_GUI
393 error Linux 4.4.0-51-generic
394 error argv "/usr/bin/nodejs" "/usr/bin/npm" "install" "-g" "posh-git"
395 error node v4.2.6
396 error npm  v3.5.2
397 error file sh
398 error code ELIFECYCLE
399 error errno ENOENT
400 error syscall spawn
401 error posh-git@0.0.9 postinstall: `node index -n`
401 error spawn ENOENT
402 error Failed at the posh-git@0.0.9 postinstall script 'node index -n'.
402 error Make sure you have the latest version of node.js and npm installed.
402 error If you do, this is most likely a problem with the posh-git package,
402 error not with npm itself.
402 error Tell the author that this fails on your system:
402 error     node index -n
402 error You can get information on how to open an issue for this project with:
402 error     npm bugs posh-git
402 error Or if that isn't available, you can get their info via:
402 error     npm owner ls posh-git
402 error There is likely additional logging output above.
403 verbose exit [ 1, true ]
